<?xml version="1.0" encoding="UTF-8"?>
<testsuite name="TicTacToeTest" tests="1" skipped="0" failures="0" errors="0" timestamp="2022-03-07T15:03:25" hostname="HAN-ASUS" time="0.626">
  <properties/>
  <testcase name="start" classname="TicTacToeTest" time="0.626"/>
  <system-out><![CDATA[?[1;31m
Start test 1?[0m

---------
|       |
|       |
|       |
---------
Enter the coordinates:> 4 4
Coordinates should be from 1 to 3!
Enter the coordinates:> 1 2
1,2 is set to X

---------
|   X   |
|       |
|       |
---------
x rows: 0
o rows: 0
horizontal Line:0
vertical Line:0
diagonal Line:0
Enter the coordinates:> 2 4
Coordinates should be from 1 to 3!
Enter the coordinates:> 4 3
Coordinates should be from 1 to 3!
Enter the coordinates:> 3 2
3,2 is set to O

---------
|   X   |
|       |
|   O   |
---------
x rows: 0
o rows: 0
horizontal Line:0
vertical Line:0
diagonal Line:0
Enter the coordinates:> 1 1
1,1 is set to X

---------
| X X   |
|       |
|   O   |
---------
x rows: 0
o rows: 0
horizontal Line:0
vertical Line:0
diagonal Line:0
Enter the coordinates:> 1 3
1,3 is set to O

---------
| X X O |
|       |
|   O   |
---------
x rows: 0
o rows: 0
horizontal Line:0
vertical Line:0
diagonal Line:0
Enter the coordinates:> 2 2
2,2 is set to X

---------
| X X O |
|   X   |
|   O   |
---------
x rows: 0
o rows: 0
horizontal Line:0
vertical Line:0
diagonal Line:0
Enter the coordinates:> 2 3
2,3 is set to O

---------
| X X O |
|   X O |
|   O   |
---------
x rows: 0
o rows: 0
horizontal Line:0
vertical Line:0
diagonal Line:0
Enter the coordinates:> 3 1
3,1 is set to X

---------
| X X O |
|   X O |
| X O   |
---------
x rows: 0
o rows: 0
horizontal Line:0
vertical Line:0
diagonal Line:0
Enter the coordinates:> 1 1
This cell is occupied! Choose another one!
Enter the coordinates:> 1 2
This cell is occupied! Choose another one!
Enter the coordinates:> 1 3
This cell is occupied! Choose another one!
Enter the coordinates:> 2 1
2,1 is set to O

---------
| X X O |
| O X O |
| X O   |
---------
x rows: 0
o rows: 0
horizontal Line:0
vertical Line:0
diagonal Line:0
Enter the coordinates:> 2 2
This cell is occupied! Choose another one!
Enter the coordinates:> 2 3
This cell is occupied! Choose another one!
Enter the coordinates:> 3 1
This cell is occupied! Choose another one!
Enter the coordinates:> 3 2
This cell is occupied! Choose another one!
Enter the coordinates:> 3 3
3,3 is set to X

---------
| X X O |
| O X O |
| X O X |
---------
x rows: 1
o rows: 0
horizontal Line:0
vertical Line:0
diagonal Line:1
X wins
?[1;31m
Start test 2?[0m

---------
|       |
|       |
|       |
---------
Enter the coordinates:> 4 1
Coordinates should be from 1 to 3!
Enter the coordinates:> 2 4
Coordinates should be from 1 to 3!
Enter the coordinates:> 1 4
Coordinates should be from 1 to 3!
Enter the coordinates:> 3 1
3,1 is set to X

---------
|       |
|       |
| X     |
---------
x rows: 0
o rows: 0
horizontal Line:0
vertical Line:0
diagonal Line:0
Enter the coordinates:> 4 3
Coordinates should be from 1 to 3!
Enter the coordinates:> 1 4
Coordinates should be from 1 to 3!
Enter the coordinates:> 4 1
Coordinates should be from 1 to 3!
Enter the coordinates:> 2 3
2,3 is set to O

---------
|       |
|     O |
| X     |
---------
x rows: 0
o rows: 0
horizontal Line:0
vertical Line:0
diagonal Line:0
Enter the coordinates:> 3 4
Coordinates should be from 1 to 3!
Enter the coordinates:> 3 2
3,2 is set to X

---------
|       |
|     O |
| X X   |
---------
x rows: 0
o rows: 0
horizontal Line:0
vertical Line:0
diagonal Line:0
Enter the coordinates:> 4 1
Coordinates should be from 1 to 3!
Enter the coordinates:> 1 2
1,2 is set to O

---------
|   O   |
|     O |
| X X   |
---------
x rows: 0
o rows: 0
horizontal Line:0
vertical Line:0
diagonal Line:0
Enter the coordinates:> 1 3
1,3 is set to X

---------
|   O X |
|     O |
| X X   |
---------
x rows: 0
o rows: 0
horizontal Line:0
vertical Line:0
diagonal Line:0
Enter the coordinates:> 2 1
2,1 is set to O

---------
|   O X |
| O   O |
| X X   |
---------
x rows: 0
o rows: 0
horizontal Line:0
vertical Line:0
diagonal Line:0
Enter the coordinates:> 2 2
2,2 is set to X

---------
|   O X |
| O X O |
| X X   |
---------
x rows: 1
o rows: 0
horizontal Line:0
vertical Line:0
diagonal Line:1
X wins
?[1;31m
Start test 3?[0m

---------
|       |
|       |
|       |
---------
Enter the coordinates:> 3 4
Coordinates should be from 1 to 3!
Enter the coordinates:> 1 3
1,3 is set to X

---------
|     X |
|       |
|       |
---------
x rows: 0
o rows: 0
horizontal Line:0
vertical Line:0
diagonal Line:0
Enter the coordinates:> 3 1
3,1 is set to O

---------
|     X |
|       |
| O     |
---------
x rows: 0
o rows: 0
horizontal Line:0
vertical Line:0
diagonal Line:0
Enter the coordinates:> 2 2
2,2 is set to X

---------
|     X |
|   X   |
| O     |
---------
x rows: 0
o rows: 0
horizontal Line:0
vertical Line:0
diagonal Line:0
Enter the coordinates:> 3 2
3,2 is set to O

---------
|     X |
|   X   |
| O O   |
---------
x rows: 0
o rows: 0
horizontal Line:0
vertical Line:0
diagonal Line:0
Enter the coordinates:> 2 1
2,1 is set to X

---------
|     X |
| X X   |
| O O   |
---------
x rows: 0
o rows: 0
horizontal Line:0
vertical Line:0
diagonal Line:0
Enter the coordinates:> 1 2
1,2 is set to O

---------
|   O X |
| X X   |
| O O   |
---------
x rows: 0
o rows: 0
horizontal Line:0
vertical Line:0
diagonal Line:0
Enter the coordinates:> 1 3
This cell is occupied! Choose another one!
Enter the coordinates:> 4 4
Coordinates should be from 1 to 3!
Enter the coordinates:> 2 2
This cell is occupied! Choose another one!
Enter the coordinates:> 1 3
This cell is occupied! Choose another one!
Enter the coordinates:> 2 1
This cell is occupied! Choose another one!
Enter the coordinates:> 2 2
This cell is occupied! Choose another one!
Enter the coordinates:> 2 3
2,3 is set to X

---------
|   O X |
| X X X |
| O O   |
---------
x rows: 1
o rows: 0
horizontal Line:1
vertical Line:0
diagonal Line:0
X wins
?[1;31m
Start test 4?[0m

---------
|       |
|       |
|       |
---------
Enter the coordinates:> 4 3
Coordinates should be from 1 to 3!
Enter the coordinates:> 3 1
3,1 is set to X

---------
|       |
|       |
| X     |
---------
x rows: 0
o rows: 0
horizontal Line:0
vertical Line:0
diagonal Line:0
Enter the coordinates:> 1 4
Coordinates should be from 1 to 3!
Enter the coordinates:> 2 2
2,2 is set to O

---------
|       |
|   O   |
| X     |
---------
x rows: 0
o rows: 0
horizontal Line:0
vertical Line:0
diagonal Line:0
Enter the coordinates:> 3 1
This cell is occupied! Choose another one!
Enter the coordinates:> 2 4
Coordinates should be from 1 to 3!
Enter the coordinates:> 3 3
3,3 is set to X

---------
|       |
|   O   |
| X   X |
---------
x rows: 0
o rows: 0
horizontal Line:0
vertical Line:0
diagonal Line:0
Enter the coordinates:> 2 4
Coordinates should be from 1 to 3!
Enter the coordinates:> 4 3
Coordinates should be from 1 to 3!
Enter the coordinates:> 3 4
Coordinates should be from 1 to 3!
Enter the coordinates:> 1 3
1,3 is set to O

---------
|     O |
|   O   |
| X   X |
---------
x rows: 0
o rows: 0
horizontal Line:0
vertical Line:0
diagonal Line:0
Enter the coordinates:> 2 1
2,1 is set to X

---------
|     O |
| X O   |
| X   X |
---------
x rows: 0
o rows: 0
horizontal Line:0
vertical Line:0
diagonal Line:0
Enter the coordinates:> 2 2
This cell is occupied! Choose another one!
Enter the coordinates:> 2 3
2,3 is set to O

---------
|     O |
| X O O |
| X   X |
---------
x rows: 0
o rows: 0
horizontal Line:0
vertical Line:0
diagonal Line:0
Enter the coordinates:> 3 1
This cell is occupied! Choose another one!
Enter the coordinates:> 3 2
3,2 is set to X

---------
|     O |
| X O O |
| X X X |
---------
x rows: 1
o rows: 0
horizontal Line:1
vertical Line:0
diagonal Line:0
X wins
?[1;31m
Start test 5?[0m

---------
|       |
|       |
|       |
---------
Enter the coordinates:> 1 2
1,2 is set to X

---------
|   X   |
|       |
|       |
---------
x rows: 0
o rows: 0
horizontal Line:0
vertical Line:0
diagonal Line:0
Enter the coordinates:> 2 3
2,3 is set to O

---------
|   X   |
|     O |
|       |
---------
x rows: 0
o rows: 0
horizontal Line:0
vertical Line:0
diagonal Line:0
Enter the coordinates:> 1 3
1,3 is set to X

---------
|   X X |
|     O |
|       |
---------
x rows: 0
o rows: 0
horizontal Line:0
vertical Line:0
diagonal Line:0
Enter the coordinates:> 1 2
This cell is occupied! Choose another one!
Enter the coordinates:> 1 4
Coordinates should be from 1 to 3!
Enter the coordinates:> 2 3
This cell is occupied! Choose another one!
Enter the coordinates:> 4 1
Coordinates should be from 1 to 3!
Enter the coordinates:> 3 3
3,3 is set to O

---------
|   X X |
|     O |
|     O |
---------
x rows: 0
o rows: 0
horizontal Line:0
vertical Line:0
diagonal Line:0
Enter the coordinates:> 1 4
Coordinates should be from 1 to 3!
Enter the coordinates:> 2 2
2,2 is set to X

---------
|   X X |
|   X O |
|     O |
---------
x rows: 0
o rows: 0
horizontal Line:0
vertical Line:0
diagonal Line:0
Enter the coordinates:> 2 2
This cell is occupied! Choose another one!
Enter the coordinates:> 2 3
This cell is occupied! Choose another one!
Enter the coordinates:> 3 1
3,1 is set to O

---------
|   X X |
|   X O |
| O   O |
---------
x rows: 0
o rows: 0
horizontal Line:0
vertical Line:0
diagonal Line:0
Enter the coordinates:> 3 2
3,2 is set to X

---------
|   X X |
|   X O |
| O X O |
---------
x rows: 1
o rows: 0
horizontal Line:0
vertical Line:1
diagonal Line:0
X wins
?[1;31m
Start test 6?[0m

---------
|       |
|       |
|       |
---------
Enter the coordinates:> 4 5
Coordinates should be from 1 to 3!
Enter the coordinates:> 2 4
Coordinates should be from 1 to 3!
Enter the coordinates:> 4 2
Coordinates should be from 1 to 3!
Enter the coordinates:> 2 1
2,1 is set to X

---------
|       |
| X     |
|       |
---------
x rows: 0
o rows: 0
horizontal Line:0
vertical Line:0
diagonal Line:0
Enter the coordinates:> 2 2
2,2 is set to O

---------
|       |
| X O   |
|       |
---------
x rows: 0
o rows: 0
horizontal Line:0
vertical Line:0
diagonal Line:0
Enter the coordinates:> 4 3
Coordinates should be from 1 to 3!
Enter the coordinates:> 4 2
Coordinates should be from 1 to 3!
Enter the coordinates:> 4 2
Coordinates should be from 1 to 3!
Enter the coordinates:> 4 2
Coordinates should be from 1 to 3!
Enter the coordinates:> 2 3
2,3 is set to X

---------
|       |
| X O X |
|       |
---------
x rows: 0
o rows: 0
horizontal Line:0
vertical Line:0
diagonal Line:0
Enter the coordinates:> 2 1
This cell is occupied! Choose another one!
Enter the coordinates:> 2 3
This cell is occupied! Choose another one!
Enter the coordinates:> 3 1
3,1 is set to O

---------
|       |
| X O X |
| O     |
---------
x rows: 0
o rows: 0
horizontal Line:0
vertical Line:0
diagonal Line:0
Enter the coordinates:> 3 2
3,2 is set to X

---------
|       |
| X O X |
| O X   |
---------
x rows: 0
o rows: 0
horizontal Line:0
vertical Line:0
diagonal Line:0
Enter the coordinates:> 3 3
3,3 is set to O

---------
|       |
| X O X |
| O X O |
---------
x rows: 0
o rows: 0
horizontal Line:0
vertical Line:0
diagonal Line:0
Enter the coordinates:> 1 1
1,1 is set to X

---------
| X     |
| X O X |
| O X O |
---------
x rows: 0
o rows: 0
horizontal Line:0
vertical Line:0
diagonal Line:0
Enter the coordinates:> 1 2
1,2 is set to O

---------
| X O   |
| X O X |
| O X O |
---------
x rows: 0
o rows: 0
horizontal Line:0
vertical Line:0
diagonal Line:0
Enter the coordinates:> 1 3
1,3 is set to X

---------
| X O X |
| X O X |
| O X O |
---------
x rows: 0
o rows: 0
horizontal Line:0
vertical Line:0
diagonal Line:0
Draw
?[1;31m
Start test 7?[0m

---------
|       |
|       |
|       |
---------
Enter the coordinates:> 2 2
2,2 is set to X

---------
|       |
|   X   |
|       |
---------
x rows: 0
o rows: 0
horizontal Line:0
vertical Line:0
diagonal Line:0
Enter the coordinates:> 1 1
1,1 is set to O

---------
| O     |
|   X   |
|       |
---------
x rows: 0
o rows: 0
horizontal Line:0
vertical Line:0
diagonal Line:0
Enter the coordinates:> 2 3
2,3 is set to X

---------
| O     |
|   X X |
|       |
---------
x rows: 0
o rows: 0
horizontal Line:0
vertical Line:0
diagonal Line:0
Enter the coordinates:> 4 1
Coordinates should be from 1 to 3!
Enter the coordinates:> 4 3
Coordinates should be from 1 to 3!
Enter the coordinates:> 4 4
Coordinates should be from 1 to 3!
Enter the coordinates:> 2 1
2,1 is set to O

---------
| O     |
| O X X |
|       |
---------
x rows: 0
o rows: 0
horizontal Line:0
vertical Line:0
diagonal Line:0
Enter the coordinates:> 3 1
3,1 is set to X

---------
| O     |
| O X X |
| X     |
---------
x rows: 0
o rows: 0
horizontal Line:0
vertical Line:0
diagonal Line:0
Enter the coordinates:> 4 1
Coordinates should be from 1 to 3!
Enter the coordinates:> 3 1
This cell is occupied! Choose another one!
Enter the coordinates:> 3 1
This cell is occupied! Choose another one!
Enter the coordinates:> 3 2
3,2 is set to O

---------
| O     |
| O X X |
| X O   |
---------
x rows: 0
o rows: 0
horizontal Line:0
vertical Line:0
diagonal Line:0
Enter the coordinates:> 3 3
3,3 is set to X

---------
| O     |
| O X X |
| X O X |
---------
x rows: 0
o rows: 0
horizontal Line:0
vertical Line:0
diagonal Line:0
Enter the coordinates:> 1 1
This cell is occupied! Choose another one!
Enter the coordinates:> 1 2
1,2 is set to O

---------
| O O   |
| O X X |
| X O X |
---------
x rows: 0
o rows: 0
horizontal Line:0
vertical Line:0
diagonal Line:0
Enter the coordinates:> 1 3
1,3 is set to X

---------
| O O X |
| O X X |
| X O X |
---------
x rows: 2
o rows: 0
horizontal Line:0
vertical Line:1
diagonal Line:1
X wins
?[1;31m
Start test 8?[0m

---------
|       |
|       |
|       |
---------
Enter the coordinates:> 4 7
Coordinates should be from 1 to 3!
Enter the coordinates:> 1 1
1,1 is set to X

---------
| X     |
|       |
|       |
---------
x rows: 0
o rows: 0
horizontal Line:0
vertical Line:0
diagonal Line:0
Enter the coordinates:> 3 3
3,3 is set to O

---------
| X     |
|       |
|     O |
---------
x rows: 0
o rows: 0
horizontal Line:0
vertical Line:0
diagonal Line:0
Enter the coordinates:> 1 2
1,2 is set to X

---------
| X X   |
|       |
|     O |
---------
x rows: 0
o rows: 0
horizontal Line:0
vertical Line:0
diagonal Line:0
Enter the coordinates:> 4 2
Coordinates should be from 1 to 3!
Enter the coordinates:> 2 1
2,1 is set to O

---------
| X X   |
| O     |
|     O |
---------
x rows: 0
o rows: 0
horizontal Line:0
vertical Line:0
diagonal Line:0
Enter the coordinates:> 4 2
Coordinates should be from 1 to 3!
Enter the coordinates:> 3 1
3,1 is set to X

---------
| X X   |
| O     |
| X   O |
---------
x rows: 0
o rows: 0
horizontal Line:0
vertical Line:0
diagonal Line:0
Enter the coordinates:> 1 4
Coordinates should be from 1 to 3!
Enter the coordinates:> 2 1
This cell is occupied! Choose another one!
Enter the coordinates:> 3 3
This cell is occupied! Choose another one!
Enter the coordinates:> 3 2
3,2 is set to O

---------
| X X   |
| O     |
| X O O |
---------
x rows: 0
o rows: 0
horizontal Line:0
vertical Line:0
diagonal Line:0
Enter the coordinates:> 3 3
This cell is occupied! Choose another one!
Enter the coordinates:> 1 1
This cell is occupied! Choose another one!
Enter the coordinates:> 1 2
This cell is occupied! Choose another one!
Enter the coordinates:> 1 3
1,3 is set to X

---------
| X X X |
| O     |
| X O O |
---------
x rows: 1
o rows: 0
horizontal Line:1
vertical Line:0
diagonal Line:0
X wins
?[1;31m
Start test 9?[0m

---------
|       |
|       |
|       |
---------
Enter the coordinates:> 2 2
2,2 is set to X

---------
|       |
|   X   |
|       |
---------
x rows: 0
o rows: 0
horizontal Line:0
vertical Line:0
diagonal Line:0
Enter the coordinates:> 4 4
Coordinates should be from 1 to 3!
Enter the coordinates:> 2 4
Coordinates should be from 1 to 3!
Enter the coordinates:> 1 1
1,1 is set to O

---------
| O     |
|   X   |
|       |
---------
x rows: 0
o rows: 0
horizontal Line:0
vertical Line:0
diagonal Line:0
Enter the coordinates:> 2 2
This cell is occupied! Choose another one!
Enter the coordinates:> 2 3
2,3 is set to X

---------
| O     |
|   X X |
|       |
---------
x rows: 0
o rows: 0
horizontal Line:0
vertical Line:0
diagonal Line:0
Enter the coordinates:> 2 1
2,1 is set to O

---------
| O     |
| O X X |
|       |
---------
x rows: 0
o rows: 0
horizontal Line:0
vertical Line:0
diagonal Line:0
Enter the coordinates:> 2 4
Coordinates should be from 1 to 3!
Enter the coordinates:> 1 2
1,2 is set to X

---------
| O X   |
| O X X |
|       |
---------
x rows: 0
o rows: 0
horizontal Line:0
vertical Line:0
diagonal Line:0
Enter the coordinates:> 3 1
3,1 is set to O

---------
| O X   |
| O X X |
| O     |
---------
x rows: 0
o rows: 1
horizontal Line:0
vertical Line:1
diagonal Line:0
O wins
]]></system-out>
  <system-err><![CDATA[]]></system-err>
</testsuite>
